<?xml version="1.0" encoding="UTF-8"?>
<testsuite xmlns:xsi="http://www.w3.org/2001/XMLSchema-instance" xsi:noNamespaceSchemaLocation="https://maven.apache.org/surefire/maven-surefire-plugin/xsd/surefire-test-report.xsd" name="com.microservices.limitsservice.LimitsServiceApplicationTests" time="4.046" tests="1" errors="0" skipped="0" failures="0">
  <properties>
    <property name="gopherProxySet" value="false"/>
    <property name="awt.toolkit" value="sun.lwawt.macosx.LWCToolkit"/>
    <property name="file.encoding.pkg" value="sun.io"/>
    <property name="java.specification.version" value="1.8"/>
    <property name="sun.cpu.isalist" value=""/>
    <property name="sun.jnu.encoding" value="UTF-8"/>
    <property name="java.class.path" value="/Users/698675/ForceTeam/MicroServices/limits-service/target/test-classes:/Users/698675/ForceTeam/MicroServices/limits-service/target/classes:/Users/698675/.m2/repository/org/springframework/boot/spring-boot-starter-actuator/2.2.0.M4/spring-boot-starter-actuator-2.2.0.M4.jar:/Users/698675/.m2/repository/org/springframework/boot/spring-boot-starter/2.2.0.M4/spring-boot-starter-2.2.0.M4.jar:/Users/698675/.m2/repository/org/springframework/boot/spring-boot-starter-logging/2.2.0.M4/spring-boot-starter-logging-2.2.0.M4.jar:/Users/698675/.m2/repository/ch/qos/logback/logback-classic/1.2.3/logback-classic-1.2.3.jar:/Users/698675/.m2/repository/ch/qos/logback/logback-core/1.2.3/logback-core-1.2.3.jar:/Users/698675/.m2/repository/org/apache/logging/log4j/log4j-to-slf4j/2.11.2/log4j-to-slf4j-2.11.2.jar:/Users/698675/.m2/repository/org/apache/logging/log4j/log4j-api/2.11.2/log4j-api-2.11.2.jar:/Users/698675/.m2/repository/org/slf4j/jul-to-slf4j/1.7.26/jul-to-slf4j-1.7.26.jar:/Users/698675/.m2/repository/jakarta/annotation/jakarta.annotation-api/1.3.4/jakarta.annotation-api-1.3.4.jar:/Users/698675/.m2/repository/org/yaml/snakeyaml/1.24/snakeyaml-1.24.jar:/Users/698675/.m2/repository/org/springframework/boot/spring-boot-actuator-autoconfigure/2.2.0.M4/spring-boot-actuator-autoconfigure-2.2.0.M4.jar:/Users/698675/.m2/repository/org/springframework/boot/spring-boot-actuator/2.2.0.M4/spring-boot-actuator-2.2.0.M4.jar:/Users/698675/.m2/repository/org/springframework/spring-context/5.2.0.M3/spring-context-5.2.0.M3.jar:/Users/698675/.m2/repository/com/fasterxml/jackson/datatype/jackson-datatype-jsr310/2.9.9/jackson-datatype-jsr310-2.9.9.jar:/Users/698675/.m2/repository/io/micrometer/micrometer-core/1.1.5/micrometer-core-1.1.5.jar:/Users/698675/.m2/repository/org/hdrhistogram/HdrHistogram/2.1.9/HdrHistogram-2.1.9.jar:/Users/698675/.m2/repository/org/latencyutils/LatencyUtils/2.0.3/LatencyUtils-2.0.3.jar:/Users/698675/.m2/repository/org/springframework/boot/spring-boot-starter-web/2.2.0.M4/spring-boot-starter-web-2.2.0.M4.jar:/Users/698675/.m2/repository/org/springframework/boot/spring-boot-starter-json/2.2.0.M4/spring-boot-starter-json-2.2.0.M4.jar:/Users/698675/.m2/repository/com/fasterxml/jackson/datatype/jackson-datatype-jdk8/2.9.9/jackson-datatype-jdk8-2.9.9.jar:/Users/698675/.m2/repository/com/fasterxml/jackson/module/jackson-module-parameter-names/2.9.9/jackson-module-parameter-names-2.9.9.jar:/Users/698675/.m2/repository/org/springframework/boot/spring-boot-starter-tomcat/2.2.0.M4/spring-boot-starter-tomcat-2.2.0.M4.jar:/Users/698675/.m2/repository/org/apache/tomcat/embed/tomcat-embed-core/9.0.21/tomcat-embed-core-9.0.21.jar:/Users/698675/.m2/repository/org/apache/tomcat/embed/tomcat-embed-el/9.0.21/tomcat-embed-el-9.0.21.jar:/Users/698675/.m2/repository/org/apache/tomcat/embed/tomcat-embed-websocket/9.0.21/tomcat-embed-websocket-9.0.21.jar:/Users/698675/.m2/repository/org/springframework/boot/spring-boot-starter-validation/2.2.0.M4/spring-boot-starter-validation-2.2.0.M4.jar:/Users/698675/.m2/repository/jakarta/validation/jakarta.validation-api/2.0.1/jakarta.validation-api-2.0.1.jar:/Users/698675/.m2/repository/org/hibernate/validator/hibernate-validator/6.0.17.Final/hibernate-validator-6.0.17.Final.jar:/Users/698675/.m2/repository/org/jboss/logging/jboss-logging/3.4.0.Final/jboss-logging-3.4.0.Final.jar:/Users/698675/.m2/repository/com/fasterxml/classmate/1.5.0/classmate-1.5.0.jar:/Users/698675/.m2/repository/org/springframework/spring-web/5.2.0.M3/spring-web-5.2.0.M3.jar:/Users/698675/.m2/repository/org/springframework/spring-beans/5.2.0.M3/spring-beans-5.2.0.M3.jar:/Users/698675/.m2/repository/org/springframework/spring-webmvc/5.2.0.M3/spring-webmvc-5.2.0.M3.jar:/Users/698675/.m2/repository/org/springframework/spring-aop/5.2.0.M3/spring-aop-5.2.0.M3.jar:/Users/698675/.m2/repository/org/springframework/spring-expression/5.2.0.M3/spring-expression-5.2.0.M3.jar:/Users/698675/.m2/repository/org/springframework/cloud/spring-cloud-starter-config/2.2.0.BUILD-SNAPSHOT/spring-cloud-starter-config-2.2.0.BUILD-SNAPSHOT.jar:/Users/698675/.m2/repository/org/springframework/cloud/spring-cloud-starter/2.2.0.BUILD-SNAPSHOT/spring-cloud-starter-2.2.0.BUILD-SNAPSHOT.jar:/Users/698675/.m2/repository/org/springframework/cloud/spring-cloud-context/2.2.0.BUILD-SNAPSHOT/spring-cloud-context-2.2.0.BUILD-SNAPSHOT.jar:/Users/698675/.m2/repository/org/springframework/security/spring-security-crypto/5.2.0.M3/spring-security-crypto-5.2.0.M3.jar:/Users/698675/.m2/repository/org/springframework/cloud/spring-cloud-commons/2.2.0.BUILD-SNAPSHOT/spring-cloud-commons-2.2.0.BUILD-SNAPSHOT.jar:/Users/698675/.m2/repository/org/springframework/security/spring-security-rsa/1.0.7.RELEASE/spring-security-rsa-1.0.7.RELEASE.jar:/Users/698675/.m2/repository/org/bouncycastle/bcpkix-jdk15on/1.60/bcpkix-jdk15on-1.60.jar:/Users/698675/.m2/repository/org/bouncycastle/bcprov-jdk15on/1.60/bcprov-jdk15on-1.60.jar:/Users/698675/.m2/repository/org/springframework/cloud/spring-cloud-config-client/2.2.0.BUILD-SNAPSHOT/spring-cloud-config-client-2.2.0.BUILD-SNAPSHOT.jar:/Users/698675/.m2/repository/com/fasterxml/jackson/core/jackson-annotations/2.9.0/jackson-annotations-2.9.0.jar:/Users/698675/.m2/repository/com/fasterxml/jackson/core/jackson-databind/2.9.9/jackson-databind-2.9.9.jar:/Users/698675/.m2/repository/com/fasterxml/jackson/core/jackson-core/2.9.9/jackson-core-2.9.9.jar:/Users/698675/.m2/repository/org/springframework/boot/spring-boot-devtools/2.2.0.M4/spring-boot-devtools-2.2.0.M4.jar:/Users/698675/.m2/repository/org/springframework/boot/spring-boot/2.2.0.M4/spring-boot-2.2.0.M4.jar:/Users/698675/.m2/repository/org/springframework/boot/spring-boot-autoconfigure/2.2.0.M4/spring-boot-autoconfigure-2.2.0.M4.jar:/Users/698675/.m2/repository/org/springframework/boot/spring-boot-starter-test/2.2.0.M4/spring-boot-starter-test-2.2.0.M4.jar:/Users/698675/.m2/repository/org/springframework/boot/spring-boot-test/2.2.0.M4/spring-boot-test-2.2.0.M4.jar:/Users/698675/.m2/repository/org/springframework/boot/spring-boot-test-autoconfigure/2.2.0.M4/spring-boot-test-autoconfigure-2.2.0.M4.jar:/Users/698675/.m2/repository/com/jayway/jsonpath/json-path/2.4.0/json-path-2.4.0.jar:/Users/698675/.m2/repository/net/minidev/json-smart/2.3/json-smart-2.3.jar:/Users/698675/.m2/repository/net/minidev/accessors-smart/1.2/accessors-smart-1.2.jar:/Users/698675/.m2/repository/org/ow2/asm/asm/5.0.4/asm-5.0.4.jar:/Users/698675/.m2/repository/org/slf4j/slf4j-api/1.7.26/slf4j-api-1.7.26.jar:/Users/698675/.m2/repository/jakarta/xml/bind/jakarta.xml.bind-api/2.3.2/jakarta.xml.bind-api-2.3.2.jar:/Users/698675/.m2/repository/jakarta/activation/jakarta.activation-api/1.2.1/jakarta.activation-api-1.2.1.jar:/Users/698675/.m2/repository/org/junit/jupiter/junit-jupiter/5.4.2/junit-jupiter-5.4.2.jar:/Users/698675/.m2/repository/org/junit/jupiter/junit-jupiter-api/5.4.2/junit-jupiter-api-5.4.2.jar:/Users/698675/.m2/repository/org/apiguardian/apiguardian-api/1.0.0/apiguardian-api-1.0.0.jar:/Users/698675/.m2/repository/org/opentest4j/opentest4j/1.1.1/opentest4j-1.1.1.jar:/Users/698675/.m2/repository/org/junit/platform/junit-platform-commons/1.4.2/junit-platform-commons-1.4.2.jar:/Users/698675/.m2/repository/org/junit/jupiter/junit-jupiter-params/5.4.2/junit-jupiter-params-5.4.2.jar:/Users/698675/.m2/repository/org/junit/jupiter/junit-jupiter-engine/5.4.2/junit-jupiter-engine-5.4.2.jar:/Users/698675/.m2/repository/org/junit/platform/junit-platform-engine/1.4.2/junit-platform-engine-1.4.2.jar:/Users/698675/.m2/repository/org/mockito/mockito-junit-jupiter/2.28.2/mockito-junit-jupiter-2.28.2.jar:/Users/698675/.m2/repository/org/assertj/assertj-core/3.12.2/assertj-core-3.12.2.jar:/Users/698675/.m2/repository/org/hamcrest/hamcrest/2.1/hamcrest-2.1.jar:/Users/698675/.m2/repository/org/mockito/mockito-core/2.28.2/mockito-core-2.28.2.jar:/Users/698675/.m2/repository/net/bytebuddy/byte-buddy/1.9.13/byte-buddy-1.9.13.jar:/Users/698675/.m2/repository/net/bytebuddy/byte-buddy-agent/1.9.13/byte-buddy-agent-1.9.13.jar:/Users/698675/.m2/repository/org/objenesis/objenesis/2.6/objenesis-2.6.jar:/Users/698675/.m2/repository/org/skyscreamer/jsonassert/1.5.0/jsonassert-1.5.0.jar:/Users/698675/.m2/repository/com/vaadin/external/google/android-json/0.0.20131108.vaadin1/android-json-0.0.20131108.vaadin1.jar:/Users/698675/.m2/repository/org/springframework/spring-core/5.2.0.M3/spring-core-5.2.0.M3.jar:/Users/698675/.m2/repository/org/springframework/spring-jcl/5.2.0.M3/spring-jcl-5.2.0.M3.jar:/Users/698675/.m2/repository/org/springframework/spring-test/5.2.0.M3/spring-test-5.2.0.M3.jar:/Users/698675/.m2/repository/org/xmlunit/xmlunit-core/2.6.2/xmlunit-core-2.6.2.jar:"/>
    <property name="java.vm.vendor" value="Oracle Corporation"/>
    <property name="sun.arch.data.model" value="64"/>
    <property name="java.vendor.url" value="http://java.oracle.com/"/>
    <property name="user.timezone" value=""/>
    <property name="java.vm.specification.version" value="1.8"/>
    <property name="os.name" value="Mac OS X"/>
    <property name="user.country" value="IN"/>
    <property name="sun.java.launcher" value="SUN_STANDARD"/>
    <property name="sun.boot.library.path" value="/Library/Java/JavaVirtualMachines/jdk1.8.0_181.jdk/Contents/Home/jre/lib"/>
    <property name="sun.java.command" value="/Users/698675/ForceTeam/MicroServices/limits-service/target/surefire/surefirebooter840302875003887341.jar /Users/698675/ForceTeam/MicroServices/limits-service/target/surefire 2019-07-02T09-31-37_100-jvmRun1 surefire3713633174006837707tmp surefire_07932623718260639541tmp"/>
    <property name="surefire.test.class.path" value="/Users/698675/ForceTeam/MicroServices/limits-service/target/test-classes:/Users/698675/ForceTeam/MicroServices/limits-service/target/classes:/Users/698675/.m2/repository/org/springframework/boot/spring-boot-starter-actuator/2.2.0.M4/spring-boot-starter-actuator-2.2.0.M4.jar:/Users/698675/.m2/repository/org/springframework/boot/spring-boot-starter/2.2.0.M4/spring-boot-starter-2.2.0.M4.jar:/Users/698675/.m2/repository/org/springframework/boot/spring-boot-starter-logging/2.2.0.M4/spring-boot-starter-logging-2.2.0.M4.jar:/Users/698675/.m2/repository/ch/qos/logback/logback-classic/1.2.3/logback-classic-1.2.3.jar:/Users/698675/.m2/repository/ch/qos/logback/logback-core/1.2.3/logback-core-1.2.3.jar:/Users/698675/.m2/repository/org/apache/logging/log4j/log4j-to-slf4j/2.11.2/log4j-to-slf4j-2.11.2.jar:/Users/698675/.m2/repository/org/apache/logging/log4j/log4j-api/2.11.2/log4j-api-2.11.2.jar:/Users/698675/.m2/repository/org/slf4j/jul-to-slf4j/1.7.26/jul-to-slf4j-1.7.26.jar:/Users/698675/.m2/repository/jakarta/annotation/jakarta.annotation-api/1.3.4/jakarta.annotation-api-1.3.4.jar:/Users/698675/.m2/repository/org/yaml/snakeyaml/1.24/snakeyaml-1.24.jar:/Users/698675/.m2/repository/org/springframework/boot/spring-boot-actuator-autoconfigure/2.2.0.M4/spring-boot-actuator-autoconfigure-2.2.0.M4.jar:/Users/698675/.m2/repository/org/springframework/boot/spring-boot-actuator/2.2.0.M4/spring-boot-actuator-2.2.0.M4.jar:/Users/698675/.m2/repository/org/springframework/spring-context/5.2.0.M3/spring-context-5.2.0.M3.jar:/Users/698675/.m2/repository/com/fasterxml/jackson/datatype/jackson-datatype-jsr310/2.9.9/jackson-datatype-jsr310-2.9.9.jar:/Users/698675/.m2/repository/io/micrometer/micrometer-core/1.1.5/micrometer-core-1.1.5.jar:/Users/698675/.m2/repository/org/hdrhistogram/HdrHistogram/2.1.9/HdrHistogram-2.1.9.jar:/Users/698675/.m2/repository/org/latencyutils/LatencyUtils/2.0.3/LatencyUtils-2.0.3.jar:/Users/698675/.m2/repository/org/springframework/boot/spring-boot-starter-web/2.2.0.M4/spring-boot-starter-web-2.2.0.M4.jar:/Users/698675/.m2/repository/org/springframework/boot/spring-boot-starter-json/2.2.0.M4/spring-boot-starter-json-2.2.0.M4.jar:/Users/698675/.m2/repository/com/fasterxml/jackson/datatype/jackson-datatype-jdk8/2.9.9/jackson-datatype-jdk8-2.9.9.jar:/Users/698675/.m2/repository/com/fasterxml/jackson/module/jackson-module-parameter-names/2.9.9/jackson-module-parameter-names-2.9.9.jar:/Users/698675/.m2/repository/org/springframework/boot/spring-boot-starter-tomcat/2.2.0.M4/spring-boot-starter-tomcat-2.2.0.M4.jar:/Users/698675/.m2/repository/org/apache/tomcat/embed/tomcat-embed-core/9.0.21/tomcat-embed-core-9.0.21.jar:/Users/698675/.m2/repository/org/apache/tomcat/embed/tomcat-embed-el/9.0.21/tomcat-embed-el-9.0.21.jar:/Users/698675/.m2/repository/org/apache/tomcat/embed/tomcat-embed-websocket/9.0.21/tomcat-embed-websocket-9.0.21.jar:/Users/698675/.m2/repository/org/springframework/boot/spring-boot-starter-validation/2.2.0.M4/spring-boot-starter-validation-2.2.0.M4.jar:/Users/698675/.m2/repository/jakarta/validation/jakarta.validation-api/2.0.1/jakarta.validation-api-2.0.1.jar:/Users/698675/.m2/repository/org/hibernate/validator/hibernate-validator/6.0.17.Final/hibernate-validator-6.0.17.Final.jar:/Users/698675/.m2/repository/org/jboss/logging/jboss-logging/3.4.0.Final/jboss-logging-3.4.0.Final.jar:/Users/698675/.m2/repository/com/fasterxml/classmate/1.5.0/classmate-1.5.0.jar:/Users/698675/.m2/repository/org/springframework/spring-web/5.2.0.M3/spring-web-5.2.0.M3.jar:/Users/698675/.m2/repository/org/springframework/spring-beans/5.2.0.M3/spring-beans-5.2.0.M3.jar:/Users/698675/.m2/repository/org/springframework/spring-webmvc/5.2.0.M3/spring-webmvc-5.2.0.M3.jar:/Users/698675/.m2/repository/org/springframework/spring-aop/5.2.0.M3/spring-aop-5.2.0.M3.jar:/Users/698675/.m2/repository/org/springframework/spring-expression/5.2.0.M3/spring-expression-5.2.0.M3.jar:/Users/698675/.m2/repository/org/springframework/cloud/spring-cloud-starter-config/2.2.0.BUILD-SNAPSHOT/spring-cloud-starter-config-2.2.0.BUILD-SNAPSHOT.jar:/Users/698675/.m2/repository/org/springframework/cloud/spring-cloud-starter/2.2.0.BUILD-SNAPSHOT/spring-cloud-starter-2.2.0.BUILD-SNAPSHOT.jar:/Users/698675/.m2/repository/org/springframework/cloud/spring-cloud-context/2.2.0.BUILD-SNAPSHOT/spring-cloud-context-2.2.0.BUILD-SNAPSHOT.jar:/Users/698675/.m2/repository/org/springframework/security/spring-security-crypto/5.2.0.M3/spring-security-crypto-5.2.0.M3.jar:/Users/698675/.m2/repository/org/springframework/cloud/spring-cloud-commons/2.2.0.BUILD-SNAPSHOT/spring-cloud-commons-2.2.0.BUILD-SNAPSHOT.jar:/Users/698675/.m2/repository/org/springframework/security/spring-security-rsa/1.0.7.RELEASE/spring-security-rsa-1.0.7.RELEASE.jar:/Users/698675/.m2/repository/org/bouncycastle/bcpkix-jdk15on/1.60/bcpkix-jdk15on-1.60.jar:/Users/698675/.m2/repository/org/bouncycastle/bcprov-jdk15on/1.60/bcprov-jdk15on-1.60.jar:/Users/698675/.m2/repository/org/springframework/cloud/spring-cloud-config-client/2.2.0.BUILD-SNAPSHOT/spring-cloud-config-client-2.2.0.BUILD-SNAPSHOT.jar:/Users/698675/.m2/repository/com/fasterxml/jackson/core/jackson-annotations/2.9.0/jackson-annotations-2.9.0.jar:/Users/698675/.m2/repository/com/fasterxml/jackson/core/jackson-databind/2.9.9/jackson-databind-2.9.9.jar:/Users/698675/.m2/repository/com/fasterxml/jackson/core/jackson-core/2.9.9/jackson-core-2.9.9.jar:/Users/698675/.m2/repository/org/springframework/boot/spring-boot-devtools/2.2.0.M4/spring-boot-devtools-2.2.0.M4.jar:/Users/698675/.m2/repository/org/springframework/boot/spring-boot/2.2.0.M4/spring-boot-2.2.0.M4.jar:/Users/698675/.m2/repository/org/springframework/boot/spring-boot-autoconfigure/2.2.0.M4/spring-boot-autoconfigure-2.2.0.M4.jar:/Users/698675/.m2/repository/org/springframework/boot/spring-boot-starter-test/2.2.0.M4/spring-boot-starter-test-2.2.0.M4.jar:/Users/698675/.m2/repository/org/springframework/boot/spring-boot-test/2.2.0.M4/spring-boot-test-2.2.0.M4.jar:/Users/698675/.m2/repository/org/springframework/boot/spring-boot-test-autoconfigure/2.2.0.M4/spring-boot-test-autoconfigure-2.2.0.M4.jar:/Users/698675/.m2/repository/com/jayway/jsonpath/json-path/2.4.0/json-path-2.4.0.jar:/Users/698675/.m2/repository/net/minidev/json-smart/2.3/json-smart-2.3.jar:/Users/698675/.m2/repository/net/minidev/accessors-smart/1.2/accessors-smart-1.2.jar:/Users/698675/.m2/repository/org/ow2/asm/asm/5.0.4/asm-5.0.4.jar:/Users/698675/.m2/repository/org/slf4j/slf4j-api/1.7.26/slf4j-api-1.7.26.jar:/Users/698675/.m2/repository/jakarta/xml/bind/jakarta.xml.bind-api/2.3.2/jakarta.xml.bind-api-2.3.2.jar:/Users/698675/.m2/repository/jakarta/activation/jakarta.activation-api/1.2.1/jakarta.activation-api-1.2.1.jar:/Users/698675/.m2/repository/org/junit/jupiter/junit-jupiter/5.4.2/junit-jupiter-5.4.2.jar:/Users/698675/.m2/repository/org/junit/jupiter/junit-jupiter-api/5.4.2/junit-jupiter-api-5.4.2.jar:/Users/698675/.m2/repository/org/apiguardian/apiguardian-api/1.0.0/apiguardian-api-1.0.0.jar:/Users/698675/.m2/repository/org/opentest4j/opentest4j/1.1.1/opentest4j-1.1.1.jar:/Users/698675/.m2/repository/org/junit/platform/junit-platform-commons/1.4.2/junit-platform-commons-1.4.2.jar:/Users/698675/.m2/repository/org/junit/jupiter/junit-jupiter-params/5.4.2/junit-jupiter-params-5.4.2.jar:/Users/698675/.m2/repository/org/junit/jupiter/junit-jupiter-engine/5.4.2/junit-jupiter-engine-5.4.2.jar:/Users/698675/.m2/repository/org/junit/platform/junit-platform-engine/1.4.2/junit-platform-engine-1.4.2.jar:/Users/698675/.m2/repository/org/mockito/mockito-junit-jupiter/2.28.2/mockito-junit-jupiter-2.28.2.jar:/Users/698675/.m2/repository/org/assertj/assertj-core/3.12.2/assertj-core-3.12.2.jar:/Users/698675/.m2/repository/org/hamcrest/hamcrest/2.1/hamcrest-2.1.jar:/Users/698675/.m2/repository/org/mockito/mockito-core/2.28.2/mockito-core-2.28.2.jar:/Users/698675/.m2/repository/net/bytebuddy/byte-buddy/1.9.13/byte-buddy-1.9.13.jar:/Users/698675/.m2/repository/net/bytebuddy/byte-buddy-agent/1.9.13/byte-buddy-agent-1.9.13.jar:/Users/698675/.m2/repository/org/objenesis/objenesis/2.6/objenesis-2.6.jar:/Users/698675/.m2/repository/org/skyscreamer/jsonassert/1.5.0/jsonassert-1.5.0.jar:/Users/698675/.m2/repository/com/vaadin/external/google/android-json/0.0.20131108.vaadin1/android-json-0.0.20131108.vaadin1.jar:/Users/698675/.m2/repository/org/springframework/spring-core/5.2.0.M3/spring-core-5.2.0.M3.jar:/Users/698675/.m2/repository/org/springframework/spring-jcl/5.2.0.M3/spring-jcl-5.2.0.M3.jar:/Users/698675/.m2/repository/org/springframework/spring-test/5.2.0.M3/spring-test-5.2.0.M3.jar:/Users/698675/.m2/repository/org/xmlunit/xmlunit-core/2.6.2/xmlunit-core-2.6.2.jar:"/>
    <property name="sun.cpu.endian" value="little"/>
    <property name="user.home" value="/Users/698675"/>
    <property name="user.language" value="en"/>
    <property name="java.specification.vendor" value="Oracle Corporation"/>
    <property name="java.home" value="/Library/Java/JavaVirtualMachines/jdk1.8.0_181.jdk/Contents/Home/jre"/>
    <property name="basedir" value="/Users/698675/ForceTeam/MicroServices/limits-service"/>
    <property name="file.separator" value="/"/>
    <property name="line.separator" value="&#10;"/>
    <property name="java.vm.specification.vendor" value="Oracle Corporation"/>
    <property name="java.specification.name" value="Java Platform API Specification"/>
    <property name="java.awt.graphicsenv" value="sun.awt.CGraphicsEnvironment"/>
    <property name="surefire.real.class.path" value="/Users/698675/ForceTeam/MicroServices/limits-service/target/surefire/surefirebooter840302875003887341.jar"/>
    <property name="sun.boot.class.path" value="/Library/Java/JavaVirtualMachines/jdk1.8.0_181.jdk/Contents/Home/jre/lib/resources.jar:/Library/Java/JavaVirtualMachines/jdk1.8.0_181.jdk/Contents/Home/jre/lib/rt.jar:/Library/Java/JavaVirtualMachines/jdk1.8.0_181.jdk/Contents/Home/jre/lib/sunrsasign.jar:/Library/Java/JavaVirtualMachines/jdk1.8.0_181.jdk/Contents/Home/jre/lib/jsse.jar:/Library/Java/JavaVirtualMachines/jdk1.8.0_181.jdk/Contents/Home/jre/lib/jce.jar:/Library/Java/JavaVirtualMachines/jdk1.8.0_181.jdk/Contents/Home/jre/lib/charsets.jar:/Library/Java/JavaVirtualMachines/jdk1.8.0_181.jdk/Contents/Home/jre/lib/jfr.jar:/Library/Java/JavaVirtualMachines/jdk1.8.0_181.jdk/Contents/Home/jre/classes"/>
    <property name="sun.management.compiler" value="HotSpot 64-Bit Tiered Compilers"/>
    <property name="java.runtime.version" value="1.8.0_181-b13"/>
    <property name="user.name" value="698675"/>
    <property name="path.separator" value=":"/>
    <property name="os.version" value="10.13.6"/>
    <property name="java.endorsed.dirs" value="/Library/Java/JavaVirtualMachines/jdk1.8.0_181.jdk/Contents/Home/jre/lib/endorsed"/>
    <property name="java.runtime.name" value="Java(TM) SE Runtime Environment"/>
    <property name="file.encoding" value="UTF-8"/>
    <property name="java.vm.name" value="Java HotSpot(TM) 64-Bit Server VM"/>
    <property name="localRepository" value="/Users/698675/.m2/repository"/>
    <property name="java.vendor.url.bug" value="http://bugreport.sun.com/bugreport/"/>
    <property name="java.io.tmpdir" value="/var/folders/0g/_ff5dpt50l5dwrv492z7yy7r1x9srn/T/"/>
    <property name="java.version" value="1.8.0_181"/>
    <property name="user.dir" value="/Users/698675/ForceTeam/MicroServices/limits-service"/>
    <property name="os.arch" value="x86_64"/>
    <property name="java.vm.specification.name" value="Java Virtual Machine Specification"/>
    <property name="java.awt.printerjob" value="sun.lwawt.macosx.CPrinterJob"/>
    <property name="sun.os.patch.level" value="unknown"/>
    <property name="java.library.path" value="/Users/698675/Library/Java/Extensions:/Library/Java/Extensions:/Network/Library/Java/Extensions:/System/Library/Java/Extensions:/usr/lib/java:."/>
    <property name="java.vm.info" value="mixed mode"/>
    <property name="java.vendor" value="Oracle Corporation"/>
    <property name="java.vm.version" value="25.181-b13"/>
    <property name="java.ext.dirs" value="/Users/698675/Library/Java/Extensions:/Library/Java/JavaVirtualMachines/jdk1.8.0_181.jdk/Contents/Home/jre/lib/ext:/Library/Java/Extensions:/Network/Library/Java/Extensions:/System/Library/Java/Extensions:/usr/lib/java"/>
    <property name="sun.io.unicode.encoding" value="UnicodeBig"/>
    <property name="java.class.version" value="52.0"/>
  </properties>
  <testcase name="contextLoads" classname="com.microservices.limitsservice.LimitsServiceApplicationTests" time="0.163"/>
</testsuite>